{"/Users/mangosetsuna/Workspace/Busymango/fetch-driver/src/compose.ts": {"path":"/Users/mangosetsuna/Workspace/Busymango/fetch-driver/src/compose.ts","all":false,"statementMap":{"7":{"start":{"line":8,"column":0},"end":{"line":8,"column":73}},"8":{"start":{"line":9,"column":0},"end":{"line":9,"column":45}},"9":{"start":{"line":10,"column":0},"end":{"line":10,"column":35}},"11":{"start":{"line":12,"column":0},"end":{"line":12,"column":53}},"12":{"start":{"line":13,"column":0},"end":{"line":13,"column":29}},"14":{"start":{"line":15,"column":0},"end":{"line":15,"column":41}},"15":{"start":{"line":16,"column":0},"end":{"line":16,"column":41}},"16":{"start":{"line":17,"column":0},"end":{"line":17,"column":7}},"18":{"start":{"line":19,"column":0},"end":{"line":19,"column":44}},"20":{"start":{"line":21,"column":0},"end":{"line":21,"column":29}},"21":{"start":{"line":22,"column":0},"end":{"line":22,"column":60}},"22":{"start":{"line":23,"column":0},"end":{"line":23,"column":8}},"23":{"start":{"line":24,"column":0},"end":{"line":24,"column":5}},"25":{"start":{"line":26,"column":0},"end":{"line":26,"column":23}},"26":{"start":{"line":27,"column":0},"end":{"line":27,"column":4}},"27":{"start":{"line":28,"column":0},"end":{"line":28,"column":1}}},"s":{"7":1,"8":11,"9":11,"11":11,"12":14,"14":14,"15":11,"16":11,"18":3,"20":3,"21":3,"22":3,"23":14,"25":11,"26":11,"27":11},"branchMap":{"0":{"type":"branch","line":8,"loc":{"start":{"line":8,"column":7},"end":{"line":28,"column":1}},"locations":[{"start":{"line":8,"column":7},"end":{"line":28,"column":1}}]},"1":{"type":"branch","line":9,"loc":{"start":{"line":9,"column":9},"end":{"line":27,"column":4}},"locations":[{"start":{"line":9,"column":9},"end":{"line":27,"column":4}}]},"2":{"type":"branch","line":12,"loc":{"start":{"line":12,"column":4},"end":{"line":24,"column":5}},"locations":[{"start":{"line":12,"column":4},"end":{"line":24,"column":5}}]},"3":{"type":"branch","line":15,"loc":{"start":{"line":15,"column":40},"end":{"line":23,"column":8}},"locations":[{"start":{"line":15,"column":40},"end":{"line":23,"column":8}}]},"4":{"type":"branch","line":15,"loc":{"start":{"line":15,"column":40},"end":{"line":17,"column":7}},"locations":[{"start":{"line":15,"column":40},"end":{"line":17,"column":7}}]},"5":{"type":"branch","line":17,"loc":{"start":{"line":17,"column":6},"end":{"line":23,"column":8}},"locations":[{"start":{"line":17,"column":6},"end":{"line":23,"column":8}}]}},"b":{"0":[11],"1":[11],"2":[14],"3":[13],"4":[11],"5":[3]},"fnMap":{"0":{"name":"compose","decl":{"start":{"line":8,"column":7},"end":{"line":28,"column":1}},"loc":{"start":{"line":8,"column":7},"end":{"line":28,"column":1}},"line":8},"1":{"name":"dispatch","decl":{"start":{"line":12,"column":4},"end":{"line":24,"column":5}},"loc":{"start":{"line":12,"column":4},"end":{"line":24,"column":5}},"line":12}},"f":{"0":11,"1":14}}
,"/Users/mangosetsuna/Workspace/Busymango/fetch-driver/src/context.ts": {"path":"/Users/mangosetsuna/Workspace/Busymango/fetch-driver/src/context.ts","all":false,"statementMap":{"4":{"start":{"line":5,"column":0},"end":{"line":5,"column":24}},"6":{"start":{"line":7,"column":0},"end":{"line":7,"column":8}},"16":{"start":{"line":17,"column":0},"end":{"line":17,"column":105}},"18":{"start":{"line":19,"column":0},"end":{"line":19,"column":48}},"20":{"start":{"line":21,"column":0},"end":{"line":21,"column":21}},"23":{"start":{"line":24,"column":0},"end":{"line":24,"column":38}},"26":{"start":{"line":27,"column":0},"end":{"line":27,"column":18}},"29":{"start":{"line":30,"column":0},"end":{"line":30,"column":23}},"32":{"start":{"line":33,"column":0},"end":{"line":33,"column":29}},"35":{"start":{"line":36,"column":0},"end":{"line":36,"column":31}},"38":{"start":{"line":39,"column":0},"end":{"line":39,"column":34}},"40":{"start":{"line":41,"column":0},"end":{"line":41,"column":65}},"41":{"start":{"line":42,"column":0},"end":{"line":42,"column":49}},"43":{"start":{"line":44,"column":0},"end":{"line":44,"column":19}},"44":{"start":{"line":45,"column":0},"end":{"line":45,"column":21}},"45":{"start":{"line":46,"column":0},"end":{"line":46,"column":20}},"46":{"start":{"line":47,"column":0},"end":{"line":47,"column":17}},"47":{"start":{"line":48,"column":0},"end":{"line":48,"column":36}},"48":{"start":{"line":49,"column":0},"end":{"line":49,"column":6}},"49":{"start":{"line":50,"column":0},"end":{"line":50,"column":3}},"52":{"start":{"line":53,"column":0},"end":{"line":53,"column":27}},"53":{"start":{"line":54,"column":0},"end":{"line":54,"column":31}},"55":{"start":{"line":56,"column":0},"end":{"line":56,"column":34}},"56":{"start":{"line":57,"column":0},"end":{"line":57,"column":33}},"57":{"start":{"line":58,"column":0},"end":{"line":58,"column":37}},"58":{"start":{"line":59,"column":0},"end":{"line":59,"column":39}},"59":{"start":{"line":60,"column":0},"end":{"line":60,"column":53}},"60":{"start":{"line":61,"column":0},"end":{"line":61,"column":70}},"61":{"start":{"line":62,"column":0},"end":{"line":62,"column":5}},"62":{"start":{"line":63,"column":0},"end":{"line":63,"column":4}},"65":{"start":{"line":66,"column":0},"end":{"line":66,"column":28}},"66":{"start":{"line":67,"column":0},"end":{"line":67,"column":43}},"68":{"start":{"line":69,"column":0},"end":{"line":69,"column":26}},"69":{"start":{"line":70,"column":0},"end":{"line":70,"column":28}},"70":{"start":{"line":71,"column":0},"end":{"line":71,"column":35}},"71":{"start":{"line":72,"column":0},"end":{"line":72,"column":33}},"72":{"start":{"line":73,"column":0},"end":{"line":73,"column":7}},"73":{"start":{"line":74,"column":0},"end":{"line":74,"column":49}},"74":{"start":{"line":75,"column":0},"end":{"line":75,"column":35}},"75":{"start":{"line":76,"column":0},"end":{"line":76,"column":41}},"77":{"start":{"line":78,"column":0},"end":{"line":78,"column":49}},"78":{"start":{"line":79,"column":0},"end":{"line":79,"column":53}},"79":{"start":{"line":80,"column":0},"end":{"line":80,"column":7}},"80":{"start":{"line":81,"column":0},"end":{"line":81,"column":5}},"81":{"start":{"line":82,"column":0},"end":{"line":82,"column":4}},"84":{"start":{"line":85,"column":0},"end":{"line":85,"column":30}},"85":{"start":{"line":86,"column":0},"end":{"line":86,"column":31}},"86":{"start":{"line":87,"column":0},"end":{"line":87,"column":36}},"87":{"start":{"line":88,"column":0},"end":{"line":88,"column":61}},"88":{"start":{"line":89,"column":0},"end":{"line":89,"column":5}},"89":{"start":{"line":90,"column":0},"end":{"line":90,"column":4}},"92":{"start":{"line":93,"column":0},"end":{"line":93,"column":23}},"93":{"start":{"line":94,"column":0},"end":{"line":94,"column":19}},"94":{"start":{"line":95,"column":0},"end":{"line":95,"column":20}},"95":{"start":{"line":96,"column":0},"end":{"line":96,"column":22}},"96":{"start":{"line":97,"column":0},"end":{"line":97,"column":4}},"99":{"start":{"line":100,"column":0},"end":{"line":100,"column":44}},"100":{"start":{"line":101,"column":0},"end":{"line":101,"column":59}},"101":{"start":{"line":102,"column":0},"end":{"line":102,"column":47}},"103":{"start":{"line":104,"column":0},"end":{"line":104,"column":46}},"104":{"start":{"line":105,"column":0},"end":{"line":105,"column":52}},"105":{"start":{"line":106,"column":0},"end":{"line":106,"column":5}},"106":{"start":{"line":107,"column":0},"end":{"line":107,"column":4}},"109":{"start":{"line":110,"column":0},"end":{"line":110,"column":49}},"110":{"start":{"line":111,"column":0},"end":{"line":111,"column":33}},"111":{"start":{"line":112,"column":0},"end":{"line":112,"column":45}},"113":{"start":{"line":114,"column":0},"end":{"line":114,"column":33}},"114":{"start":{"line":115,"column":0},"end":{"line":115,"column":37}},"117":{"start":{"line":118,"column":0},"end":{"line":118,"column":38}},"118":{"start":{"line":119,"column":0},"end":{"line":119,"column":38}},"119":{"start":{"line":120,"column":0},"end":{"line":120,"column":54}},"120":{"start":{"line":121,"column":0},"end":{"line":121,"column":61}},"121":{"start":{"line":122,"column":0},"end":{"line":122,"column":40}},"122":{"start":{"line":123,"column":0},"end":{"line":123,"column":9}},"123":{"start":{"line":124,"column":0},"end":{"line":124,"column":7}},"126":{"start":{"line":127,"column":0},"end":{"line":127,"column":43}},"127":{"start":{"line":128,"column":0},"end":{"line":128,"column":45}},"128":{"start":{"line":129,"column":0},"end":{"line":129,"column":60}},"129":{"start":{"line":130,"column":0},"end":{"line":130,"column":5}},"130":{"start":{"line":131,"column":0},"end":{"line":131,"column":4}},"131":{"start":{"line":132,"column":0},"end":{"line":132,"column":1}}},"s":{"4":1,"6":1,"16":1,"18":17,"20":17,"23":17,"26":17,"29":17,"32":17,"35":17,"38":17,"40":17,"41":17,"43":17,"44":17,"45":17,"46":17,"47":17,"48":17,"49":17,"52":17,"53":17,"55":17,"56":2,"57":2,"58":2,"59":2,"60":2,"61":2,"62":17,"65":17,"66":17,"68":17,"69":17,"70":17,"71":2,"72":2,"73":17,"74":4,"75":4,"77":4,"78":4,"79":4,"80":17,"81":17,"84":17,"85":17,"86":15,"87":15,"88":15,"89":17,"92":17,"93":17,"94":17,"95":17,"96":17,"99":17,"100":10,"101":1,"103":1,"104":1,"105":1,"106":10,"109":17,"110":9,"111":9,"113":9,"114":9,"117":9,"118":13,"119":13,"120":13,"121":9,"122":9,"123":13,"126":9,"127":9,"128":9,"129":9,"130":9,"131":17},"branchMap":{"0":{"type":"branch","line":19,"loc":{"start":{"line":19,"column":0},"end":{"line":132,"column":1}},"locations":[{"start":{"line":19,"column":0},"end":{"line":132,"column":1}}]},"1":{"type":"branch","line":41,"loc":{"start":{"line":41,"column":2},"end":{"line":50,"column":3}},"locations":[{"start":{"line":41,"column":2},"end":{"line":50,"column":3}}]},"2":{"type":"branch","line":42,"loc":{"start":{"line":42,"column":36},"end":{"line":42,"column":49}},"locations":[{"start":{"line":42,"column":36},"end":{"line":42,"column":49}}]},"3":{"type":"branch","line":53,"loc":{"start":{"line":53,"column":20},"end":{"line":63,"column":4}},"locations":[{"start":{"line":53,"column":20},"end":{"line":63,"column":4}}]},"4":{"type":"branch","line":56,"loc":{"start":{"line":56,"column":33},"end":{"line":62,"column":5}},"locations":[{"start":{"line":56,"column":33},"end":{"line":62,"column":5}}]},"5":{"type":"branch","line":66,"loc":{"start":{"line":66,"column":21},"end":{"line":82,"column":4}},"locations":[{"start":{"line":66,"column":21},"end":{"line":82,"column":4}}]},"6":{"type":"branch","line":71,"loc":{"start":{"line":71,"column":34},"end":{"line":73,"column":7}},"locations":[{"start":{"line":71,"column":34},"end":{"line":73,"column":7}}]},"7":{"type":"branch","line":74,"loc":{"start":{"line":74,"column":22},"end":{"line":74,"column":48}},"locations":[{"start":{"line":74,"column":22},"end":{"line":74,"column":48}}]},"8":{"type":"branch","line":74,"loc":{"start":{"line":74,"column":48},"end":{"line":80,"column":7}},"locations":[{"start":{"line":74,"column":48},"end":{"line":80,"column":7}}]},"9":{"type":"branch","line":85,"loc":{"start":{"line":85,"column":23},"end":{"line":90,"column":4}},"locations":[{"start":{"line":85,"column":23},"end":{"line":90,"column":4}}]},"10":{"type":"branch","line":86,"loc":{"start":{"line":86,"column":30},"end":{"line":89,"column":5}},"locations":[{"start":{"line":86,"column":30},"end":{"line":89,"column":5}}]},"11":{"type":"branch","line":88,"loc":{"start":{"line":88,"column":42},"end":{"line":88,"column":54}},"locations":[{"start":{"line":88,"column":42},"end":{"line":88,"column":54}}]},"12":{"type":"branch","line":88,"loc":{"start":{"line":88,"column":46},"end":{"line":88,"column":61}},"locations":[{"start":{"line":88,"column":46},"end":{"line":88,"column":61}}]},"13":{"type":"branch","line":93,"loc":{"start":{"line":93,"column":16},"end":{"line":97,"column":4}},"locations":[{"start":{"line":93,"column":16},"end":{"line":97,"column":4}}]},"14":{"type":"branch","line":100,"loc":{"start":{"line":100,"column":21},"end":{"line":107,"column":4}},"locations":[{"start":{"line":100,"column":21},"end":{"line":107,"column":4}}]},"15":{"type":"branch","line":101,"loc":{"start":{"line":101,"column":58},"end":{"line":106,"column":5}},"locations":[{"start":{"line":101,"column":58},"end":{"line":106,"column":5}}]},"16":{"type":"branch","line":105,"loc":{"start":{"line":105,"column":17},"end":{"line":105,"column":43}},"locations":[{"start":{"line":105,"column":17},"end":{"line":105,"column":43}}]},"17":{"type":"branch","line":110,"loc":{"start":{"line":110,"column":24},"end":{"line":131,"column":4}},"locations":[{"start":{"line":110,"column":24},"end":{"line":131,"column":4}}]},"18":{"type":"branch","line":118,"loc":{"start":{"line":118,"column":37},"end":{"line":124,"column":7}},"locations":[{"start":{"line":118,"column":37},"end":{"line":124,"column":7}}]},"19":{"type":"branch","line":121,"loc":{"start":{"line":121,"column":30},"end":{"line":121,"column":60}},"locations":[{"start":{"line":121,"column":30},"end":{"line":121,"column":60}}]},"20":{"type":"branch","line":121,"loc":{"start":{"line":121,"column":60},"end":{"line":123,"column":9}},"locations":[{"start":{"line":121,"column":60},"end":{"line":123,"column":9}}]},"21":{"type":"branch","line":129,"loc":{"start":{"line":129,"column":29},"end":{"line":129,"column":60}},"locations":[{"start":{"line":129,"column":29},"end":{"line":129,"column":60}}]}},"b":{"0":[17],"1":[17],"2":[7],"3":[17],"4":[2],"5":[17],"6":[2],"7":[16],"8":[4],"9":[17],"10":[15],"11":[10],"12":[5],"13":[17],"14":[10],"15":[1],"16":[1],"17":[9],"18":[13],"19":[9],"20":[9],"21":[3]},"fnMap":{"0":{"name":"<instance_members_initializer>","decl":{"start":{"line":19,"column":0},"end":{"line":132,"column":1}},"loc":{"start":{"line":19,"column":0},"end":{"line":132,"column":1}},"line":19},"1":{"name":"DriveContext","decl":{"start":{"line":41,"column":2},"end":{"line":50,"column":3}},"loc":{"start":{"line":41,"column":2},"end":{"line":50,"column":3}},"line":41},"2":{"name":"initApi","decl":{"start":{"line":53,"column":20},"end":{"line":63,"column":4}},"loc":{"start":{"line":53,"column":20},"end":{"line":63,"column":4}},"line":53},"3":{"name":"initBody","decl":{"start":{"line":66,"column":21},"end":{"line":82,"column":4}},"loc":{"start":{"line":66,"column":21},"end":{"line":82,"column":4}},"line":66},"4":{"name":"initMethod","decl":{"start":{"line":85,"column":23},"end":{"line":90,"column":4}},"loc":{"start":{"line":85,"column":23},"end":{"line":90,"column":4}},"line":85},"5":{"name":"init","decl":{"start":{"line":93,"column":16},"end":{"line":97,"column":4}},"loc":{"start":{"line":93,"column":16},"end":{"line":97,"column":4}},"line":93},"6":{"name":"initAbort","decl":{"start":{"line":100,"column":21},"end":{"line":107,"column":4}},"loc":{"start":{"line":100,"column":21},"end":{"line":107,"column":4}},"line":100},"7":{"name":"decodeHeader","decl":{"start":{"line":110,"column":24},"end":{"line":131,"column":4}},"loc":{"start":{"line":110,"column":24},"end":{"line":131,"column":4}},"line":110}},"f":{"0":17,"1":17,"2":17,"3":17,"4":17,"5":17,"6":10,"7":9}}
,"/Users/mangosetsuna/Workspace/Busymango/fetch-driver/src/fetch.ts": {"path":"/Users/mangosetsuna/Workspace/Busymango/fetch-driver/src/fetch.ts","all":false,"statementMap":{"5":{"start":{"line":6,"column":0},"end":{"line":6,"column":47}},"7":{"start":{"line":8,"column":0},"end":{"line":8,"column":36}},"8":{"start":{"line":9,"column":0},"end":{"line":9,"column":37}},"19":{"start":{"line":20,"column":0},"end":{"line":20,"column":34}},"20":{"start":{"line":21,"column":0},"end":{"line":21,"column":34}},"22":{"start":{"line":23,"column":0},"end":{"line":23,"column":17}},"23":{"start":{"line":24,"column":0},"end":{"line":24,"column":23}},"24":{"start":{"line":25,"column":0},"end":{"line":25,"column":16}},"25":{"start":{"line":26,"column":0},"end":{"line":26,"column":39}},"26":{"start":{"line":27,"column":0},"end":{"line":27,"column":20}},"27":{"start":{"line":28,"column":0},"end":{"line":28,"column":40}},"28":{"start":{"line":29,"column":0},"end":{"line":29,"column":39}},"29":{"start":{"line":30,"column":0},"end":{"line":30,"column":1}},"37":{"start":{"line":38,"column":0},"end":{"line":38,"column":34}},"38":{"start":{"line":39,"column":0},"end":{"line":39,"column":31}},"40":{"start":{"line":41,"column":0},"end":{"line":41,"column":40}},"42":{"start":{"line":43,"column":0},"end":{"line":43,"column":45}},"43":{"start":{"line":44,"column":0},"end":{"line":44,"column":68}},"45":{"start":{"line":46,"column":0},"end":{"line":46,"column":32}},"46":{"start":{"line":47,"column":0},"end":{"line":47,"column":39}},"48":{"start":{"line":49,"column":0},"end":{"line":49,"column":33}},"49":{"start":{"line":50,"column":0},"end":{"line":50,"column":68}},"50":{"start":{"line":51,"column":0},"end":{"line":51,"column":62}},"51":{"start":{"line":52,"column":0},"end":{"line":52,"column":64}},"52":{"start":{"line":53,"column":0},"end":{"line":53,"column":7}},"53":{"start":{"line":54,"column":0},"end":{"line":54,"column":3}},"55":{"start":{"line":56,"column":0},"end":{"line":56,"column":30}},"56":{"start":{"line":57,"column":0},"end":{"line":57,"column":8}},"57":{"start":{"line":58,"column":0},"end":{"line":58,"column":8}},"58":{"start":{"line":59,"column":0},"end":{"line":59,"column":9}},"59":{"start":{"line":60,"column":0},"end":{"line":60,"column":12}},"60":{"start":{"line":61,"column":0},"end":{"line":61,"column":13}},"61":{"start":{"line":62,"column":0},"end":{"line":62,"column":21}},"62":{"start":{"line":63,"column":0},"end":{"line":63,"column":11}},"63":{"start":{"line":64,"column":0},"end":{"line":64,"column":26}},"64":{"start":{"line":65,"column":0},"end":{"line":65,"column":57}},"66":{"start":{"line":67,"column":0},"end":{"line":67,"column":43}},"67":{"start":{"line":68,"column":0},"end":{"line":68,"column":61}},"68":{"start":{"line":69,"column":0},"end":{"line":69,"column":6}},"70":{"start":{"line":71,"column":0},"end":{"line":71,"column":41}},"71":{"start":{"line":72,"column":0},"end":{"line":72,"column":41}},"72":{"start":{"line":73,"column":0},"end":{"line":73,"column":21}},"73":{"start":{"line":74,"column":0},"end":{"line":74,"column":40}},"75":{"start":{"line":76,"column":0},"end":{"line":76,"column":33}},"77":{"start":{"line":78,"column":0},"end":{"line":78,"column":39}},"79":{"start":{"line":80,"column":0},"end":{"line":80,"column":42}},"80":{"start":{"line":81,"column":0},"end":{"line":81,"column":44}},"81":{"start":{"line":82,"column":0},"end":{"line":82,"column":42}},"83":{"start":{"line":84,"column":0},"end":{"line":84,"column":29}},"84":{"start":{"line":85,"column":0},"end":{"line":85,"column":32}},"86":{"start":{"line":87,"column":0},"end":{"line":87,"column":42}},"87":{"start":{"line":88,"column":0},"end":{"line":88,"column":46}},"88":{"start":{"line":89,"column":0},"end":{"line":89,"column":41}},"89":{"start":{"line":90,"column":0},"end":{"line":90,"column":7}},"91":{"start":{"line":92,"column":0},"end":{"line":92,"column":38}},"92":{"start":{"line":93,"column":0},"end":{"line":93,"column":4}},"94":{"start":{"line":95,"column":0},"end":{"line":95,"column":57}},"95":{"start":{"line":96,"column":0},"end":{"line":96,"column":52}},"96":{"start":{"line":97,"column":0},"end":{"line":97,"column":18}},"97":{"start":{"line":98,"column":0},"end":{"line":98,"column":1}}},"s":{"5":1,"7":1,"8":1,"19":1,"20":1,"22":6,"23":6,"24":6,"25":6,"26":6,"27":6,"28":3,"29":3,"37":4,"38":4,"40":4,"42":4,"43":4,"45":4,"46":4,"48":4,"49":36,"50":36,"51":2,"52":4,"53":4,"55":4,"56":10,"57":10,"58":10,"59":10,"60":10,"61":10,"62":10,"63":10,"64":10,"66":10,"67":10,"68":10,"70":10,"71":10,"72":10,"73":10,"75":10,"77":10,"79":10,"80":10,"81":10,"83":10,"84":10,"86":10,"87":10,"88":10,"89":10,"91":9,"92":10,"94":4,"95":4,"96":4,"97":4},"branchMap":{"0":{"type":"branch","line":23,"loc":{"start":{"line":23,"column":0},"end":{"line":30,"column":1}},"locations":[{"start":{"line":23,"column":0},"end":{"line":30,"column":1}}]},"1":{"type":"branch","line":28,"loc":{"start":{"line":28,"column":27},"end":{"line":30,"column":1}},"locations":[{"start":{"line":28,"column":27},"end":{"line":30,"column":1}}]},"2":{"type":"branch","line":38,"loc":{"start":{"line":38,"column":0},"end":{"line":98,"column":1}},"locations":[{"start":{"line":38,"column":0},"end":{"line":98,"column":1}}]},"3":{"type":"branch","line":43,"loc":{"start":{"line":43,"column":2},"end":{"line":54,"column":3}},"locations":[{"start":{"line":43,"column":2},"end":{"line":54,"column":3}}]},"4":{"type":"branch","line":47,"loc":{"start":{"line":47,"column":29},"end":{"line":47,"column":39}},"locations":[{"start":{"line":47,"column":29},"end":{"line":47,"column":39}}]},"5":{"type":"branch","line":44,"loc":{"start":{"line":44,"column":20},"end":{"line":44,"column":66}},"locations":[{"start":{"line":44,"column":20},"end":{"line":44,"column":66}}]},"6":{"type":"branch","line":44,"loc":{"start":{"line":44,"column":39},"end":{"line":44,"column":59}},"locations":[{"start":{"line":44,"column":39},"end":{"line":44,"column":59}}]},"7":{"type":"branch","line":44,"loc":{"start":{"line":44,"column":55},"end":{"line":44,"column":66}},"locations":[{"start":{"line":44,"column":55},"end":{"line":44,"column":66}}]},"8":{"type":"branch","line":49,"loc":{"start":{"line":49,"column":20},"end":{"line":53,"column":5}},"locations":[{"start":{"line":49,"column":20},"end":{"line":53,"column":5}}]},"9":{"type":"branch","line":51,"loc":{"start":{"line":51,"column":25},"end":{"line":52,"column":64}},"locations":[{"start":{"line":51,"column":25},"end":{"line":52,"column":64}}]},"10":{"type":"branch","line":56,"loc":{"start":{"line":56,"column":19},"end":{"line":93,"column":4}},"locations":[{"start":{"line":56,"column":19},"end":{"line":93,"column":4}}]},"11":{"type":"branch","line":90,"loc":{"start":{"line":90,"column":5},"end":{"line":92,"column":38}},"locations":[{"start":{"line":90,"column":5},"end":{"line":92,"column":38}}]},"12":{"type":"branch","line":71,"loc":{"start":{"line":71,"column":28},"end":{"line":90,"column":5}},"locations":[{"start":{"line":71,"column":28},"end":{"line":90,"column":5}}]},"13":{"type":"branch","line":72,"loc":{"start":{"line":72,"column":11},"end":{"line":72,"column":41}},"locations":[{"start":{"line":72,"column":11},"end":{"line":72,"column":41}}]},"14":{"type":"branch","line":72,"loc":{"start":{"line":72,"column":11},"end":{"line":72,"column":32}},"locations":[{"start":{"line":72,"column":11},"end":{"line":72,"column":32}}]},"15":{"type":"branch","line":72,"loc":{"start":{"line":72,"column":19},"end":{"line":72,"column":41}},"locations":[{"start":{"line":72,"column":19},"end":{"line":72,"column":41}}]},"16":{"type":"branch","line":74,"loc":{"start":{"line":74,"column":11},"end":{"line":74,"column":40}},"locations":[{"start":{"line":74,"column":11},"end":{"line":74,"column":40}}]},"17":{"type":"branch","line":74,"loc":{"start":{"line":74,"column":11},"end":{"line":74,"column":31}},"locations":[{"start":{"line":74,"column":11},"end":{"line":74,"column":31}}]},"18":{"type":"branch","line":74,"loc":{"start":{"line":74,"column":19},"end":{"line":74,"column":40}},"locations":[{"start":{"line":74,"column":19},"end":{"line":74,"column":40}}]},"19":{"type":"branch","line":80,"loc":{"start":{"line":80,"column":11},"end":{"line":80,"column":42}},"locations":[{"start":{"line":80,"column":11},"end":{"line":80,"column":42}}]},"20":{"type":"branch","line":81,"loc":{"start":{"line":81,"column":42},"end":{"line":82,"column":19}},"locations":[{"start":{"line":81,"column":42},"end":{"line":82,"column":19}}]},"21":{"type":"branch","line":82,"loc":{"start":{"line":82,"column":11},"end":{"line":82,"column":42}},"locations":[{"start":{"line":82,"column":11},"end":{"line":82,"column":42}}]},"22":{"type":"branch","line":87,"loc":{"start":{"line":87,"column":11},"end":{"line":87,"column":42}},"locations":[{"start":{"line":87,"column":11},"end":{"line":87,"column":42}}]},"23":{"type":"branch","line":87,"loc":{"start":{"line":87,"column":11},"end":{"line":87,"column":33}},"locations":[{"start":{"line":87,"column":11},"end":{"line":87,"column":33}}]},"24":{"type":"branch","line":87,"loc":{"start":{"line":87,"column":19},"end":{"line":87,"column":42}},"locations":[{"start":{"line":87,"column":19},"end":{"line":87,"column":42}}]},"25":{"type":"branch","line":88,"loc":{"start":{"line":88,"column":44},"end":{"line":89,"column":19}},"locations":[{"start":{"line":88,"column":44},"end":{"line":89,"column":19}}]},"26":{"type":"branch","line":89,"loc":{"start":{"line":89,"column":11},"end":{"line":89,"column":41}},"locations":[{"start":{"line":89,"column":11},"end":{"line":89,"column":41}}]},"27":{"type":"branch","line":95,"loc":{"start":{"line":95,"column":18},"end":{"line":97,"column":18}},"locations":[{"start":{"line":95,"column":18},"end":{"line":97,"column":18}}]},"28":{"type":"branch","line":96,"loc":{"start":{"line":96,"column":44},"end":{"line":96,"column":52}},"locations":[{"start":{"line":96,"column":44},"end":{"line":96,"column":52}}]}},"b":{"0":[6],"1":[3],"2":[4],"3":[4],"4":[3],"5":[4],"6":[1],"7":[3],"8":[36],"9":[2],"10":[10],"11":[9],"12":[10],"13":[5],"14":[1],"15":[0],"16":[5],"17":[1],"18":[0],"19":[1],"20":[9],"21":[1],"22":[5],"23":[1],"24":[0],"25":[9],"26":[1],"27":[4],"28":[3]},"fnMap":{"0":{"name":"over","decl":{"start":{"line":23,"column":0},"end":{"line":30,"column":1}},"loc":{"start":{"line":23,"column":0},"end":{"line":30,"column":1}},"line":23},"1":{"name":"<instance_members_initializer>","decl":{"start":{"line":38,"column":0},"end":{"line":98,"column":1}},"loc":{"start":{"line":38,"column":0},"end":{"line":98,"column":1}},"line":38},"2":{"name":"FetchDriver","decl":{"start":{"line":43,"column":2},"end":{"line":54,"column":3}},"loc":{"start":{"line":43,"column":2},"end":{"line":54,"column":3}},"line":43},"3":{"name":"drive.<computed>","decl":{"start":{"line":51,"column":25},"end":{"line":52,"column":64}},"loc":{"start":{"line":51,"column":25},"end":{"line":52,"column":64}},"line":51},"4":{"name":"request","decl":{"start":{"line":56,"column":19},"end":{"line":93,"column":4}},"loc":{"start":{"line":56,"column":19},"end":{"line":93,"column":4}},"line":56},"5":{"name":"drive","decl":{"start":{"line":95,"column":18},"end":{"line":97,"column":18}},"loc":{"start":{"line":95,"column":18},"end":{"line":97,"column":18}},"line":95}},"f":{"0":6,"1":4,"2":4,"3":2,"4":10,"5":4}}
,"/Users/mangosetsuna/Workspace/Busymango/fetch-driver/src/fetch2curl.ts": {"path":"/Users/mangosetsuna/Workspace/Busymango/fetch-driver/src/fetch2curl.ts","all":false,"statementMap":{"0":{"start":{"line":1,"column":0},"end":{"line":1,"column":59}},"1":{"start":{"line":2,"column":0},"end":{"line":2,"column":46}},"4":{"start":{"line":5,"column":0},"end":{"line":5,"column":34}},"6":{"start":{"line":7,"column":0},"end":{"line":7,"column":25}},"12":{"start":{"line":13,"column":0},"end":{"line":13,"column":65}},"13":{"start":{"line":14,"column":0},"end":{"line":14,"column":56}},"14":{"start":{"line":15,"column":0},"end":{"line":15,"column":58}},"15":{"start":{"line":16,"column":0},"end":{"line":16,"column":20}},"16":{"start":{"line":17,"column":0},"end":{"line":17,"column":4}},"22":{"start":{"line":23,"column":0},"end":{"line":23,"column":61}},"23":{"start":{"line":24,"column":0},"end":{"line":24,"column":35}},"24":{"start":{"line":25,"column":0},"end":{"line":25,"column":41}},"25":{"start":{"line":26,"column":0},"end":{"line":26,"column":37}},"26":{"start":{"line":27,"column":0},"end":{"line":27,"column":49}},"27":{"start":{"line":28,"column":0},"end":{"line":28,"column":56}},"30":{"start":{"line":31,"column":0},"end":{"line":31,"column":37}},"32":{"start":{"line":33,"column":0},"end":{"line":33,"column":39}},"33":{"start":{"line":34,"column":0},"end":{"line":34,"column":67}},"34":{"start":{"line":35,"column":0},"end":{"line":35,"column":17}},"35":{"start":{"line":36,"column":0},"end":{"line":36,"column":4}},"36":{"start":{"line":37,"column":0},"end":{"line":37,"column":56}},"37":{"start":{"line":38,"column":0},"end":{"line":38,"column":27}},"39":{"start":{"line":40,"column":0},"end":{"line":40,"column":36}},"40":{"start":{"line":41,"column":0},"end":{"line":41,"column":41}},"41":{"start":{"line":42,"column":0},"end":{"line":42,"column":54}},"42":{"start":{"line":43,"column":0},"end":{"line":43,"column":19}},"43":{"start":{"line":44,"column":0},"end":{"line":44,"column":5}},"47":{"start":{"line":48,"column":0},"end":{"line":48,"column":53}},"48":{"start":{"line":49,"column":0},"end":{"line":49,"column":61}},"49":{"start":{"line":50,"column":0},"end":{"line":50,"column":66}},"50":{"start":{"line":51,"column":0},"end":{"line":51,"column":5}},"51":{"start":{"line":52,"column":0},"end":{"line":52,"column":43}},"52":{"start":{"line":53,"column":0},"end":{"line":53,"column":57}},"53":{"start":{"line":54,"column":0},"end":{"line":54,"column":4}},"54":{"start":{"line":55,"column":0},"end":{"line":55,"column":56}},"55":{"start":{"line":56,"column":0},"end":{"line":56,"column":79}},"56":{"start":{"line":57,"column":0},"end":{"line":57,"column":4}},"57":{"start":{"line":58,"column":0},"end":{"line":58,"column":2}},"63":{"start":{"line":64,"column":0},"end":{"line":64,"column":70}},"64":{"start":{"line":65,"column":0},"end":{"line":65,"column":51}},"65":{"start":{"line":66,"column":0},"end":{"line":66,"column":18}},"66":{"start":{"line":67,"column":0},"end":{"line":67,"column":11}},"67":{"start":{"line":68,"column":0},"end":{"line":68,"column":15}},"68":{"start":{"line":69,"column":0},"end":{"line":69,"column":26}},"69":{"start":{"line":70,"column":0},"end":{"line":70,"column":26}},"70":{"start":{"line":71,"column":0},"end":{"line":71,"column":24}},"71":{"start":{"line":72,"column":0},"end":{"line":72,"column":28}},"72":{"start":{"line":73,"column":0},"end":{"line":73,"column":4}},"73":{"start":{"line":74,"column":0},"end":{"line":74,"column":14}},"74":{"start":{"line":75,"column":0},"end":{"line":75,"column":12}},"75":{"start":{"line":76,"column":0},"end":{"line":76,"column":2}}},"s":{"0":1,"1":1,"4":1,"6":1,"12":1,"13":14,"14":14,"15":3,"16":14,"22":1,"23":9,"24":5,"25":5,"26":5,"27":11,"30":5,"32":5,"33":5,"34":5,"35":9,"36":1,"37":9,"39":1,"40":1,"41":1,"42":1,"43":1,"47":8,"48":8,"49":8,"50":8,"51":9,"52":9,"53":9,"54":1,"55":7,"56":7,"57":1,"63":1,"64":5,"65":5,"66":5,"67":5,"68":5,"69":5,"70":5,"71":5,"72":5,"73":5,"74":5,"75":5},"branchMap":{"0":{"type":"branch","line":13,"loc":{"start":{"line":13,"column":10},"end":{"line":17,"column":4}},"locations":[{"start":{"line":13,"column":10},"end":{"line":17,"column":4}}]},"1":{"type":"branch","line":15,"loc":{"start":{"line":15,"column":35},"end":{"line":15,"column":58}},"locations":[{"start":{"line":15,"column":35},"end":{"line":15,"column":58}}]},"2":{"type":"branch","line":15,"loc":{"start":{"line":15,"column":55},"end":{"line":16,"column":20}},"locations":[{"start":{"line":15,"column":55},"end":{"line":16,"column":20}}]},"3":{"type":"branch","line":23,"loc":{"start":{"line":23,"column":10},"end":{"line":36,"column":4}},"locations":[{"start":{"line":23,"column":10},"end":{"line":36,"column":4}}]},"4":{"type":"branch","line":24,"loc":{"start":{"line":24,"column":28},"end":{"line":35,"column":17}},"locations":[{"start":{"line":24,"column":28},"end":{"line":35,"column":17}}]},"5":{"type":"branch","line":24,"loc":{"start":{"line":24,"column":28},"end":{"line":24,"column":35}},"locations":[{"start":{"line":24,"column":28},"end":{"line":24,"column":35}}]},"6":{"type":"branch","line":27,"loc":{"start":{"line":27,"column":19},"end":{"line":28,"column":56}},"locations":[{"start":{"line":27,"column":19},"end":{"line":28,"column":56}}]},"7":{"type":"branch","line":34,"loc":{"start":{"line":34,"column":24},"end":{"line":34,"column":64}},"locations":[{"start":{"line":34,"column":24},"end":{"line":34,"column":64}}]},"8":{"type":"branch","line":37,"loc":{"start":{"line":37,"column":8},"end":{"line":54,"column":4}},"locations":[{"start":{"line":37,"column":8},"end":{"line":54,"column":4}}]},"9":{"type":"branch","line":38,"loc":{"start":{"line":38,"column":26},"end":{"line":44,"column":5}},"locations":[{"start":{"line":38,"column":26},"end":{"line":44,"column":5}}]},"10":{"type":"branch","line":44,"loc":{"start":{"line":44,"column":4},"end":{"line":52,"column":32}},"locations":[{"start":{"line":44,"column":4},"end":{"line":52,"column":32}}]},"11":{"type":"branch","line":52,"loc":{"start":{"line":52,"column":24},"end":{"line":52,"column":41}},"locations":[{"start":{"line":52,"column":24},"end":{"line":52,"column":41}}]},"12":{"type":"branch","line":53,"loc":{"start":{"line":53,"column":24},"end":{"line":53,"column":57}},"locations":[{"start":{"line":53,"column":24},"end":{"line":53,"column":57}}]},"13":{"type":"branch","line":42,"loc":{"start":{"line":42,"column":13},"end":{"line":42,"column":53}},"locations":[{"start":{"line":42,"column":13},"end":{"line":42,"column":53}}]},"14":{"type":"branch","line":48,"loc":{"start":{"line":48,"column":4},"end":{"line":51,"column":5}},"locations":[{"start":{"line":48,"column":4},"end":{"line":51,"column":5}}]},"15":{"type":"branch","line":49,"loc":{"start":{"line":49,"column":26},"end":{"line":49,"column":61}},"locations":[{"start":{"line":49,"column":26},"end":{"line":49,"column":61}}]},"16":{"type":"branch","line":49,"loc":{"start":{"line":49,"column":59},"end":{"line":50,"column":37}},"locations":[{"start":{"line":49,"column":59},"end":{"line":50,"column":37}}]},"17":{"type":"branch","line":50,"loc":{"start":{"line":50,"column":30},"end":{"line":50,"column":66}},"locations":[{"start":{"line":50,"column":30},"end":{"line":50,"column":66}}]},"18":{"type":"branch","line":55,"loc":{"start":{"line":55,"column":12},"end":{"line":57,"column":4}},"locations":[{"start":{"line":55,"column":12},"end":{"line":57,"column":4}}]},"19":{"type":"branch","line":56,"loc":{"start":{"line":56,"column":54},"end":{"line":56,"column":76}},"locations":[{"start":{"line":56,"column":54},"end":{"line":56,"column":76}}]},"20":{"type":"branch","line":56,"loc":{"start":{"line":56,"column":58},"end":{"line":56,"column":79}},"locations":[{"start":{"line":56,"column":58},"end":{"line":56,"column":79}}]},"21":{"type":"branch","line":64,"loc":{"start":{"line":64,"column":26},"end":{"line":76,"column":2}},"locations":[{"start":{"line":64,"column":26},"end":{"line":76,"column":2}}]},"22":{"type":"branch","line":65,"loc":{"start":{"line":65,"column":26},"end":{"line":65,"column":36}},"locations":[{"start":{"line":65,"column":26},"end":{"line":65,"column":36}}]},"23":{"type":"branch","line":65,"loc":{"start":{"line":65,"column":30},"end":{"line":65,"column":51}},"locations":[{"start":{"line":65,"column":30},"end":{"line":65,"column":51}}]}},"b":{"0":[14],"1":[11],"2":[3],"3":[9],"4":[5],"5":[4],"6":[11],"7":[11],"8":[9],"9":[1],"10":[8],"11":[5],"12":[3],"13":[2],"14":[8],"15":[3],"16":[5],"17":[0],"18":[7],"19":[1],"20":[6],"21":[5],"22":[4],"23":[1]},"fnMap":{"0":{"name":"method","decl":{"start":{"line":13,"column":10},"end":{"line":17,"column":4}},"loc":{"start":{"line":13,"column":10},"end":{"line":17,"column":4}},"line":13},"1":{"name":"header","decl":{"start":{"line":23,"column":10},"end":{"line":36,"column":4}},"loc":{"start":{"line":23,"column":10},"end":{"line":36,"column":4}},"line":23},"2":{"name":"format","decl":{"start":{"line":27,"column":19},"end":{"line":28,"column":56}},"loc":{"start":{"line":27,"column":19},"end":{"line":28,"column":56}},"line":27},"3":{"name":"body","decl":{"start":{"line":37,"column":8},"end":{"line":54,"column":4}},"loc":{"start":{"line":37,"column":8},"end":{"line":54,"column":4}},"line":37},"4":{"name":"escape","decl":{"start":{"line":48,"column":4},"end":{"line":51,"column":5}},"loc":{"start":{"line":48,"column":4},"end":{"line":51,"column":5}},"line":48},"5":{"name":"compress","decl":{"start":{"line":55,"column":12},"end":{"line":57,"column":4}},"loc":{"start":{"line":55,"column":12},"end":{"line":57,"column":4}},"line":55},"6":{"name":"fetch2curl","decl":{"start":{"line":64,"column":26},"end":{"line":76,"column":2}},"loc":{"start":{"line":64,"column":26},"end":{"line":76,"column":2}},"line":64}},"f":{"0":14,"1":9,"2":11,"3":9,"4":8,"5":7,"6":5}}
,"/Users/mangosetsuna/Workspace/Busymango/fetch-driver/src/parser.ts": {"path":"/Users/mangosetsuna/Workspace/Busymango/fetch-driver/src/parser.ts","all":false,"statementMap":{"5":{"start":{"line":6,"column":0},"end":{"line":6,"column":36}},"9":{"start":{"line":10,"column":0},"end":{"line":10,"column":50}},"13":{"start":{"line":14,"column":0},"end":{"line":14,"column":20}},"14":{"start":{"line":15,"column":0},"end":{"line":15,"column":50}},"15":{"start":{"line":16,"column":0},"end":{"line":16,"column":46}},"16":{"start":{"line":17,"column":0},"end":{"line":17,"column":48}},"17":{"start":{"line":18,"column":0},"end":{"line":18,"column":18}},"18":{"start":{"line":19,"column":0},"end":{"line":19,"column":34}},"19":{"start":{"line":20,"column":0},"end":{"line":20,"column":17}},"20":{"start":{"line":21,"column":0},"end":{"line":21,"column":37}},"21":{"start":{"line":22,"column":0},"end":{"line":22,"column":10}},"22":{"start":{"line":23,"column":0},"end":{"line":23,"column":22}},"23":{"start":{"line":24,"column":0},"end":{"line":24,"column":34}},"24":{"start":{"line":25,"column":0},"end":{"line":25,"column":47}},"25":{"start":{"line":26,"column":0},"end":{"line":26,"column":17}},"26":{"start":{"line":27,"column":0},"end":{"line":27,"column":1}},"28":{"start":{"line":29,"column":0},"end":{"line":29,"column":21}},"29":{"start":{"line":30,"column":0},"end":{"line":30,"column":7}},"30":{"start":{"line":31,"column":0},"end":{"line":31,"column":12}},"31":{"start":{"line":32,"column":0},"end":{"line":32,"column":23}},"32":{"start":{"line":33,"column":0},"end":{"line":33,"column":29}},"33":{"start":{"line":34,"column":0},"end":{"line":34,"column":13}},"35":{"start":{"line":36,"column":0},"end":{"line":36,"column":11}},"36":{"start":{"line":37,"column":0},"end":{"line":37,"column":8}},"37":{"start":{"line":38,"column":0},"end":{"line":38,"column":43}},"38":{"start":{"line":39,"column":0},"end":{"line":39,"column":37}},"40":{"start":{"line":41,"column":0},"end":{"line":41,"column":59}},"41":{"start":{"line":42,"column":0},"end":{"line":42,"column":60}},"43":{"start":{"line":44,"column":0},"end":{"line":44,"column":13}},"44":{"start":{"line":45,"column":0},"end":{"line":45,"column":34}},"45":{"start":{"line":46,"column":0},"end":{"line":46,"column":57}},"46":{"start":{"line":47,"column":0},"end":{"line":47,"column":61}},"48":{"start":{"line":49,"column":0},"end":{"line":49,"column":40}},"49":{"start":{"line":50,"column":0},"end":{"line":50,"column":38}},"50":{"start":{"line":51,"column":0},"end":{"line":51,"column":40}},"51":{"start":{"line":52,"column":0},"end":{"line":52,"column":43}},"52":{"start":{"line":53,"column":0},"end":{"line":53,"column":29}},"53":{"start":{"line":54,"column":0},"end":{"line":54,"column":59}},"54":{"start":{"line":55,"column":0},"end":{"line":55,"column":45}},"55":{"start":{"line":56,"column":0},"end":{"line":56,"column":24}},"56":{"start":{"line":57,"column":0},"end":{"line":57,"column":21}},"57":{"start":{"line":58,"column":0},"end":{"line":58,"column":21}},"58":{"start":{"line":59,"column":0},"end":{"line":59,"column":22}},"59":{"start":{"line":60,"column":0},"end":{"line":60,"column":23}},"60":{"start":{"line":61,"column":0},"end":{"line":61,"column":24}},"61":{"start":{"line":62,"column":0},"end":{"line":62,"column":58}},"62":{"start":{"line":63,"column":0},"end":{"line":63,"column":17}},"63":{"start":{"line":64,"column":0},"end":{"line":64,"column":15}},"64":{"start":{"line":65,"column":0},"end":{"line":65,"column":12}},"65":{"start":{"line":66,"column":0},"end":{"line":66,"column":11}},"67":{"start":{"line":68,"column":0},"end":{"line":68,"column":48}},"68":{"start":{"line":69,"column":0},"end":{"line":69,"column":15}},"69":{"start":{"line":70,"column":0},"end":{"line":70,"column":7}},"70":{"start":{"line":71,"column":0},"end":{"line":71,"column":5}},"73":{"start":{"line":74,"column":0},"end":{"line":74,"column":22}},"74":{"start":{"line":75,"column":0},"end":{"line":75,"column":50}},"75":{"start":{"line":76,"column":0},"end":{"line":76,"column":13}},"76":{"start":{"line":77,"column":0},"end":{"line":77,"column":5}},"78":{"start":{"line":79,"column":0},"end":{"line":79,"column":33}},"79":{"start":{"line":80,"column":0},"end":{"line":80,"column":50}},"80":{"start":{"line":81,"column":0},"end":{"line":81,"column":13}},"81":{"start":{"line":82,"column":0},"end":{"line":82,"column":5}},"83":{"start":{"line":84,"column":0},"end":{"line":84,"column":34}},"84":{"start":{"line":85,"column":0},"end":{"line":85,"column":50}},"85":{"start":{"line":86,"column":0},"end":{"line":86,"column":13}},"86":{"start":{"line":87,"column":0},"end":{"line":87,"column":5}},"89":{"start":{"line":90,"column":0},"end":{"line":90,"column":51}},"90":{"start":{"line":91,"column":0},"end":{"line":91,"column":50}},"91":{"start":{"line":92,"column":0},"end":{"line":92,"column":13}},"92":{"start":{"line":93,"column":0},"end":{"line":93,"column":5}},"93":{"start":{"line":94,"column":0},"end":{"line":94,"column":4}}},"s":{"5":1,"9":1,"13":3,"14":3,"15":3,"16":3,"17":3,"18":3,"19":3,"20":0,"21":3,"22":2,"23":2,"24":2,"25":0,"26":3,"28":1,"29":1,"30":8,"31":7,"32":7,"33":7,"35":7,"36":7,"37":7,"38":7,"40":7,"41":7,"43":7,"44":7,"45":7,"46":7,"48":7,"49":1,"50":1,"51":1,"52":1,"53":1,"54":2,"55":2,"56":2,"57":2,"58":2,"59":2,"60":2,"61":2,"62":2,"63":1,"64":1,"65":1,"67":1,"68":1,"69":1,"70":7,"73":6,"74":0,"75":0,"76":0,"78":6,"79":1,"80":1,"81":1,"83":6,"84":4,"85":4,"86":4,"89":7,"90":0,"91":0,"92":0,"93":7},"branchMap":{"0":{"type":"branch","line":14,"loc":{"start":{"line":14,"column":0},"end":{"line":27,"column":1}},"locations":[{"start":{"line":14,"column":0},"end":{"line":27,"column":1}}]},"1":{"type":"branch","line":19,"loc":{"start":{"line":19,"column":32},"end":{"line":20,"column":16}},"locations":[{"start":{"line":19,"column":32},"end":{"line":20,"column":16}}]},"2":{"type":"branch","line":20,"loc":{"start":{"line":20,"column":16},"end":{"line":22,"column":9}},"locations":[{"start":{"line":20,"column":16},"end":{"line":22,"column":9}}]},"3":{"type":"branch","line":22,"loc":{"start":{"line":22,"column":2},"end":{"line":26,"column":17}},"locations":[{"start":{"line":22,"column":2},"end":{"line":26,"column":17}}]},"4":{"type":"branch","line":25,"loc":{"start":{"line":25,"column":45},"end":{"line":26,"column":17}},"locations":[{"start":{"line":25,"column":45},"end":{"line":26,"column":17}}]},"5":{"type":"branch","line":30,"loc":{"start":{"line":30,"column":2},"end":{"line":94,"column":4}},"locations":[{"start":{"line":30,"column":2},"end":{"line":94,"column":4}}]},"6":{"type":"branch","line":31,"loc":{"start":{"line":31,"column":2},"end":{"line":94,"column":4}},"locations":[{"start":{"line":31,"column":2},"end":{"line":94,"column":4}}]},"7":{"type":"branch","line":42,"loc":{"start":{"line":42,"column":24},"end":{"line":42,"column":46}},"locations":[{"start":{"line":42,"column":24},"end":{"line":42,"column":46}}]},"8":{"type":"branch","line":49,"loc":{"start":{"line":49,"column":18},"end":{"line":49,"column":39}},"locations":[{"start":{"line":49,"column":18},"end":{"line":49,"column":39}}]},"9":{"type":"branch","line":49,"loc":{"start":{"line":49,"column":39},"end":{"line":70,"column":7}},"locations":[{"start":{"line":49,"column":39},"end":{"line":70,"column":7}}]},"10":{"type":"branch","line":71,"loc":{"start":{"line":71,"column":4},"end":{"line":90,"column":47}},"locations":[{"start":{"line":71,"column":4},"end":{"line":90,"column":47}}]},"11":{"type":"branch","line":74,"loc":{"start":{"line":74,"column":21},"end":{"line":77,"column":5}},"locations":[{"start":{"line":74,"column":21},"end":{"line":77,"column":5}}]},"12":{"type":"branch","line":79,"loc":{"start":{"line":79,"column":32},"end":{"line":84,"column":33}},"locations":[{"start":{"line":79,"column":32},"end":{"line":84,"column":33}}]},"13":{"type":"branch","line":79,"loc":{"start":{"line":79,"column":32},"end":{"line":82,"column":5}},"locations":[{"start":{"line":79,"column":32},"end":{"line":82,"column":5}}]},"14":{"type":"branch","line":84,"loc":{"start":{"line":84,"column":33},"end":{"line":87,"column":5}},"locations":[{"start":{"line":84,"column":33},"end":{"line":87,"column":5}}]},"15":{"type":"branch","line":87,"loc":{"start":{"line":87,"column":4},"end":{"line":90,"column":47}},"locations":[{"start":{"line":87,"column":4},"end":{"line":90,"column":47}}]},"16":{"type":"branch","line":87,"loc":{"start":{"line":87,"column":4},"end":{"line":90,"column":38}},"locations":[{"start":{"line":87,"column":4},"end":{"line":90,"column":38}}]},"17":{"type":"branch","line":90,"loc":{"start":{"line":90,"column":22},"end":{"line":90,"column":47}},"locations":[{"start":{"line":90,"column":22},"end":{"line":90,"column":47}}]},"18":{"type":"branch","line":90,"loc":{"start":{"line":90,"column":50},"end":{"line":93,"column":5}},"locations":[{"start":{"line":90,"column":50},"end":{"line":93,"column":5}}]},"19":{"type":"branch","line":53,"loc":{"start":{"line":53,"column":10},"end":{"line":65,"column":12}},"locations":[{"start":{"line":53,"column":10},"end":{"line":65,"column":12}}]},"20":{"type":"branch","line":54,"loc":{"start":{"line":54,"column":37},"end":{"line":64,"column":13}},"locations":[{"start":{"line":54,"column":37},"end":{"line":64,"column":13}}]}},"b":{"0":[3],"1":[2],"2":[0],"3":[2],"4":[0],"5":[8],"6":[7],"7":[0],"8":[1],"9":[1],"10":[6],"11":[0],"12":[5],"13":[1],"14":[4],"15":[2],"16":[1],"17":[0],"18":[0],"19":[1],"20":[2]},"fnMap":{"0":{"name":"pump","decl":{"start":{"line":14,"column":0},"end":{"line":27,"column":1}},"loc":{"start":{"line":14,"column":0},"end":{"line":27,"column":1}},"line":14},"1":{"name":"parser","decl":{"start":{"line":30,"column":2},"end":{"line":94,"column":4}},"loc":{"start":{"line":30,"column":2},"end":{"line":94,"column":4}},"line":30},"2":{"name":"start","decl":{"start":{"line":53,"column":10},"end":{"line":65,"column":12}},"loc":{"start":{"line":53,"column":10},"end":{"line":65,"column":12}},"line":53}},"f":{"0":3,"1":8,"2":1}}
,"/Users/mangosetsuna/Workspace/Busymango/fetch-driver/src/utils.ts": {"path":"/Users/mangosetsuna/Workspace/Busymango/fetch-driver/src/utils.ts","all":false,"statementMap":{"0":{"start":{"line":6,"column":0},"end":{"line":6,"column":158}},"1":{"start":{"line":21,"column":0},"end":{"line":21,"column":37}},"2":{"start":{"line":22,"column":0},"end":{"line":22,"column":52}},"3":{"start":{"line":23,"column":0},"end":{"line":23,"column":8}},"4":{"start":{"line":24,"column":0},"end":{"line":24,"column":39}},"5":{"start":{"line":25,"column":0},"end":{"line":25,"column":1}},"6":{"start":{"line":31,"column":0},"end":{"line":31,"column":33}},"7":{"start":{"line":32,"column":0},"end":{"line":32,"column":18}},"8":{"start":{"line":33,"column":0},"end":{"line":33,"column":34}},"9":{"start":{"line":34,"column":0},"end":{"line":34,"column":50}},"10":{"start":{"line":35,"column":0},"end":{"line":35,"column":1}},"11":{"start":{"line":37,"column":0},"end":{"line":37,"column":29}},"12":{"start":{"line":38,"column":0},"end":{"line":38,"column":16}},"13":{"start":{"line":39,"column":0},"end":{"line":39,"column":66}},"14":{"start":{"line":40,"column":0},"end":{"line":40,"column":48}},"15":{"start":{"line":41,"column":0},"end":{"line":41,"column":47}},"16":{"start":{"line":42,"column":0},"end":{"line":42,"column":49}},"17":{"start":{"line":43,"column":0},"end":{"line":43,"column":55}},"18":{"start":{"line":44,"column":0},"end":{"line":44,"column":15}},"19":{"start":{"line":45,"column":0},"end":{"line":45,"column":2}},"20":{"start":{"line":47,"column":0},"end":{"line":47,"column":74}},"21":{"start":{"line":48,"column":0},"end":{"line":48,"column":50}},"22":{"start":{"line":49,"column":0},"end":{"line":49,"column":2}},"23":{"start":{"line":54,"column":0},"end":{"line":54,"column":68}},"24":{"start":{"line":55,"column":0},"end":{"line":55,"column":59}},"25":{"start":{"line":56,"column":0},"end":{"line":56,"column":1}},"26":{"start":{"line":62,"column":0},"end":{"line":62,"column":61}},"27":{"start":{"line":63,"column":0},"end":{"line":63,"column":33}},"28":{"start":{"line":64,"column":0},"end":{"line":64,"column":1}},"29":{"start":{"line":74,"column":0},"end":{"line":74,"column":48}},"30":{"start":{"line":75,"column":0},"end":{"line":75,"column":9}},"31":{"start":{"line":76,"column":0},"end":{"line":76,"column":17}},"32":{"start":{"line":77,"column":0},"end":{"line":77,"column":20}},"33":{"start":{"line":78,"column":0},"end":{"line":78,"column":27}},"34":{"start":{"line":79,"column":0},"end":{"line":79,"column":60}},"35":{"start":{"line":80,"column":0},"end":{"line":80,"column":1}},"36":{"start":{"line":88,"column":0},"end":{"line":88,"column":65}},"37":{"start":{"line":89,"column":0},"end":{"line":89,"column":36}},"38":{"start":{"line":90,"column":0},"end":{"line":90,"column":1}},"39":{"start":{"line":98,"column":0},"end":{"line":98,"column":77}},"40":{"start":{"line":99,"column":0},"end":{"line":99,"column":42}},"41":{"start":{"line":100,"column":0},"end":{"line":100,"column":1}},"42":{"start":{"line":108,"column":0},"end":{"line":108,"column":71}},"43":{"start":{"line":109,"column":0},"end":{"line":109,"column":39}},"44":{"start":{"line":110,"column":0},"end":{"line":110,"column":1}},"45":{"start":{"line":118,"column":0},"end":{"line":118,"column":69}},"46":{"start":{"line":119,"column":0},"end":{"line":119,"column":38}},"47":{"start":{"line":120,"column":0},"end":{"line":120,"column":1}},"48":{"start":{"line":125,"column":0},"end":{"line":125,"column":79}},"49":{"start":{"line":126,"column":0},"end":{"line":126,"column":10}},"50":{"start":{"line":127,"column":0},"end":{"line":127,"column":28}},"51":{"start":{"line":128,"column":0},"end":{"line":128,"column":27}},"52":{"start":{"line":129,"column":0},"end":{"line":129,"column":78}},"53":{"start":{"line":131,"column":0},"end":{"line":131,"column":1}},"54":{"start":{"line":136,"column":0},"end":{"line":136,"column":79}},"55":{"start":{"line":137,"column":0},"end":{"line":137,"column":10}},"56":{"start":{"line":138,"column":0},"end":{"line":138,"column":27}},"57":{"start":{"line":139,"column":0},"end":{"line":139,"column":49}},"58":{"start":{"line":140,"column":0},"end":{"line":140,"column":49}},"59":{"start":{"line":141,"column":0},"end":{"line":141,"column":51}},"60":{"start":{"line":143,"column":0},"end":{"line":143,"column":1}},"61":{"start":{"line":148,"column":0},"end":{"line":148,"column":73}},"62":{"start":{"line":149,"column":0},"end":{"line":149,"column":10}},"63":{"start":{"line":150,"column":0},"end":{"line":150,"column":33}},"64":{"start":{"line":151,"column":0},"end":{"line":151,"column":32}},"65":{"start":{"line":152,"column":0},"end":{"line":152,"column":32}},"66":{"start":{"line":153,"column":0},"end":{"line":153,"column":25}},"67":{"start":{"line":155,"column":0},"end":{"line":155,"column":1}},"68":{"start":{"line":163,"column":0},"end":{"line":163,"column":79}},"69":{"start":{"line":164,"column":0},"end":{"line":164,"column":43}},"70":{"start":{"line":165,"column":0},"end":{"line":165,"column":1}},"71":{"start":{"line":173,"column":0},"end":{"line":173,"column":57}},"72":{"start":{"line":174,"column":0},"end":{"line":174,"column":32}},"73":{"start":{"line":175,"column":0},"end":{"line":175,"column":1}},"74":{"start":{"line":178,"column":0},"end":{"line":178,"column":33}},"75":{"start":{"line":179,"column":0},"end":{"line":179,"column":18}},"76":{"start":{"line":180,"column":0},"end":{"line":180,"column":58}},"77":{"start":{"line":181,"column":0},"end":{"line":181,"column":10}},"78":{"start":{"line":182,"column":0},"end":{"line":182,"column":21}},"79":{"start":{"line":183,"column":0},"end":{"line":183,"column":25}},"80":{"start":{"line":184,"column":0},"end":{"line":184,"column":29}},"81":{"start":{"line":185,"column":0},"end":{"line":185,"column":28}},"82":{"start":{"line":187,"column":0},"end":{"line":187,"column":1}},"83":{"start":{"line":189,"column":0},"end":{"line":189,"column":46}},"84":{"start":{"line":190,"column":0},"end":{"line":190,"column":17}},"85":{"start":{"line":191,"column":0},"end":{"line":191,"column":15}},"86":{"start":{"line":192,"column":0},"end":{"line":192,"column":15}},"87":{"start":{"line":193,"column":0},"end":{"line":193,"column":16}},"88":{"start":{"line":194,"column":0},"end":{"line":194,"column":17}},"89":{"start":{"line":195,"column":0},"end":{"line":195,"column":20}},"90":{"start":{"line":196,"column":0},"end":{"line":196,"column":22}},"91":{"start":{"line":197,"column":0},"end":{"line":197,"column":18}},"92":{"start":{"line":198,"column":0},"end":{"line":198,"column":3}},"93":{"start":{"line":199,"column":0},"end":{"line":199,"column":15}},"94":{"start":{"line":200,"column":0},"end":{"line":200,"column":1}},"95":{"start":{"line":202,"column":0},"end":{"line":202,"column":60}},"96":{"start":{"line":203,"column":0},"end":{"line":203,"column":46}},"97":{"start":{"line":204,"column":0},"end":{"line":204,"column":37}},"98":{"start":{"line":205,"column":0},"end":{"line":205,"column":33}},"99":{"start":{"line":206,"column":0},"end":{"line":206,"column":30}},"100":{"start":{"line":207,"column":0},"end":{"line":207,"column":22}},"101":{"start":{"line":208,"column":0},"end":{"line":208,"column":18}},"102":{"start":{"line":209,"column":0},"end":{"line":209,"column":37}},"103":{"start":{"line":210,"column":0},"end":{"line":210,"column":1}},"104":{"start":{"line":212,"column":0},"end":{"line":212,"column":47}},"105":{"start":{"line":213,"column":0},"end":{"line":213,"column":32}},"106":{"start":{"line":214,"column":0},"end":{"line":214,"column":40}},"107":{"start":{"line":215,"column":0},"end":{"line":215,"column":1}},"108":{"start":{"line":217,"column":0},"end":{"line":217,"column":79}},"109":{"start":{"line":218,"column":0},"end":{"line":218,"column":20}},"110":{"start":{"line":219,"column":0},"end":{"line":219,"column":1}},"111":{"start":{"line":230,"column":0},"end":{"line":230,"column":46}},"112":{"start":{"line":231,"column":0},"end":{"line":231,"column":33}},"113":{"start":{"line":232,"column":0},"end":{"line":232,"column":50}},"114":{"start":{"line":233,"column":0},"end":{"line":233,"column":37}},"115":{"start":{"line":234,"column":0},"end":{"line":234,"column":3}},"116":{"start":{"line":235,"column":0},"end":{"line":235,"column":28}},"117":{"start":{"line":236,"column":0},"end":{"line":236,"column":31}},"118":{"start":{"line":237,"column":0},"end":{"line":237,"column":11}},"119":{"start":{"line":238,"column":0},"end":{"line":238,"column":13}},"120":{"start":{"line":239,"column":0},"end":{"line":239,"column":39}},"121":{"start":{"line":240,"column":0},"end":{"line":240,"column":29}},"122":{"start":{"line":241,"column":0},"end":{"line":241,"column":18}},"123":{"start":{"line":242,"column":0},"end":{"line":242,"column":8}},"124":{"start":{"line":243,"column":0},"end":{"line":243,"column":6}},"125":{"start":{"line":244,"column":0},"end":{"line":244,"column":3}},"126":{"start":{"line":245,"column":0},"end":{"line":245,"column":28}},"127":{"start":{"line":246,"column":0},"end":{"line":246,"column":31}},"128":{"start":{"line":247,"column":0},"end":{"line":247,"column":11}},"129":{"start":{"line":248,"column":0},"end":{"line":248,"column":13}},"130":{"start":{"line":249,"column":0},"end":{"line":249,"column":54}},"131":{"start":{"line":250,"column":0},"end":{"line":250,"column":26}},"132":{"start":{"line":251,"column":0},"end":{"line":251,"column":8}},"133":{"start":{"line":252,"column":0},"end":{"line":252,"column":6}},"134":{"start":{"line":253,"column":0},"end":{"line":253,"column":3}},"135":{"start":{"line":254,"column":0},"end":{"line":254,"column":9}},"136":{"start":{"line":255,"column":0},"end":{"line":255,"column":1}}},"s":{"0":2,"1":2,"2":5,"3":5,"4":5,"5":5,"6":2,"7":9,"8":9,"9":9,"10":9,"11":2,"12":10,"13":10,"14":10,"15":10,"16":10,"17":10,"18":1,"19":1,"20":2,"21":10,"22":10,"23":2,"24":10,"25":10,"26":2,"27":17,"28":17,"29":2,"30":16,"31":16,"32":16,"33":16,"34":16,"35":16,"36":2,"37":36,"38":36,"39":2,"40":22,"41":22,"42":2,"43":45,"44":45,"45":2,"46":22,"47":22,"48":2,"49":23,"50":23,"51":22,"52":22,"53":23,"54":2,"55":22,"56":22,"57":8,"58":0,"59":0,"60":22,"61":2,"62":25,"63":25,"64":23,"65":22,"66":22,"67":25,"68":2,"69":27,"70":27,"71":2,"72":28,"73":28,"74":2,"75":28,"76":28,"77":28,"78":28,"79":27,"80":25,"81":22,"82":28,"83":2,"84":14,"85":14,"86":14,"87":14,"88":14,"89":14,"90":14,"91":6,"92":14,"93":8,"94":8,"95":2,"96":1,"97":1,"98":1,"99":1,"100":1,"101":1,"102":1,"103":1,"104":2,"105":6,"106":6,"107":6,"108":2,"109":1,"110":1,"111":2,"112":10,"113":10,"114":0,"115":0,"116":10,"117":9,"118":9,"119":9,"120":9,"121":9,"122":9,"123":9,"124":9,"125":9,"126":1,"127":1,"128":1,"129":1,"130":1,"131":1,"132":1,"133":1,"134":1,"135":0,"136":0},"branchMap":{"0":{"type":"branch","line":74,"loc":{"start":{"line":74,"column":7},"end":{"line":80,"column":1}},"locations":[{"start":{"line":74,"column":7},"end":{"line":80,"column":1}}]},"1":{"type":"branch","line":79,"loc":{"start":{"line":79,"column":16},"end":{"line":79,"column":60}},"locations":[{"start":{"line":79,"column":16},"end":{"line":79,"column":60}}]},"2":{"type":"branch","line":88,"loc":{"start":{"line":88,"column":7},"end":{"line":90,"column":1}},"locations":[{"start":{"line":88,"column":7},"end":{"line":90,"column":1}}]},"3":{"type":"branch","line":98,"loc":{"start":{"line":98,"column":7},"end":{"line":100,"column":1}},"locations":[{"start":{"line":98,"column":7},"end":{"line":100,"column":1}}]},"4":{"type":"branch","line":108,"loc":{"start":{"line":108,"column":7},"end":{"line":110,"column":1}},"locations":[{"start":{"line":108,"column":7},"end":{"line":110,"column":1}}]},"5":{"type":"branch","line":118,"loc":{"start":{"line":118,"column":7},"end":{"line":120,"column":1}},"locations":[{"start":{"line":118,"column":7},"end":{"line":120,"column":1}}]},"6":{"type":"branch","line":125,"loc":{"start":{"line":125,"column":7},"end":{"line":131,"column":1}},"locations":[{"start":{"line":125,"column":7},"end":{"line":131,"column":1}}]},"7":{"type":"branch","line":127,"loc":{"start":{"line":127,"column":24},"end":{"line":128,"column":27}},"locations":[{"start":{"line":127,"column":24},"end":{"line":128,"column":27}}]},"8":{"type":"branch","line":128,"loc":{"start":{"line":128,"column":23},"end":{"line":129,"column":78}},"locations":[{"start":{"line":128,"column":23},"end":{"line":129,"column":78}}]},"9":{"type":"branch","line":129,"loc":{"start":{"line":129,"column":24},"end":{"line":129,"column":78}},"locations":[{"start":{"line":129,"column":24},"end":{"line":129,"column":78}}]},"10":{"type":"branch","line":136,"loc":{"start":{"line":136,"column":7},"end":{"line":143,"column":1}},"locations":[{"start":{"line":136,"column":7},"end":{"line":143,"column":1}}]},"11":{"type":"branch","line":138,"loc":{"start":{"line":138,"column":23},"end":{"line":139,"column":49}},"locations":[{"start":{"line":138,"column":23},"end":{"line":139,"column":49}}]},"12":{"type":"branch","line":139,"loc":{"start":{"line":139,"column":45},"end":{"line":140,"column":49}},"locations":[{"start":{"line":139,"column":45},"end":{"line":140,"column":49}}]},"13":{"type":"branch","line":140,"loc":{"start":{"line":140,"column":45},"end":{"line":141,"column":51}},"locations":[{"start":{"line":140,"column":45},"end":{"line":141,"column":51}}]},"14":{"type":"branch","line":148,"loc":{"start":{"line":148,"column":7},"end":{"line":155,"column":1}},"locations":[{"start":{"line":148,"column":7},"end":{"line":155,"column":1}}]},"15":{"type":"branch","line":150,"loc":{"start":{"line":150,"column":29},"end":{"line":151,"column":32}},"locations":[{"start":{"line":150,"column":29},"end":{"line":151,"column":32}}]},"16":{"type":"branch","line":151,"loc":{"start":{"line":151,"column":28},"end":{"line":152,"column":32}},"locations":[{"start":{"line":151,"column":28},"end":{"line":152,"column":32}}]},"17":{"type":"branch","line":152,"loc":{"start":{"line":152,"column":28},"end":{"line":153,"column":25}},"locations":[{"start":{"line":152,"column":28},"end":{"line":153,"column":25}}]},"18":{"type":"branch","line":173,"loc":{"start":{"line":173,"column":7},"end":{"line":175,"column":1}},"locations":[{"start":{"line":173,"column":7},"end":{"line":175,"column":1}}]},"19":{"type":"branch","line":178,"loc":{"start":{"line":178,"column":7},"end":{"line":187,"column":1}},"locations":[{"start":{"line":178,"column":7},"end":{"line":187,"column":1}}]},"20":{"type":"branch","line":182,"loc":{"start":{"line":182,"column":17},"end":{"line":183,"column":25}},"locations":[{"start":{"line":182,"column":17},"end":{"line":183,"column":25}}]},"21":{"type":"branch","line":183,"loc":{"start":{"line":183,"column":21},"end":{"line":184,"column":29}},"locations":[{"start":{"line":183,"column":21},"end":{"line":184,"column":29}}]},"22":{"type":"branch","line":184,"loc":{"start":{"line":184,"column":25},"end":{"line":185,"column":28}},"locations":[{"start":{"line":184,"column":25},"end":{"line":185,"column":28}}]},"23":{"type":"branch","line":189,"loc":{"start":{"line":189,"column":7},"end":{"line":200,"column":1}},"locations":[{"start":{"line":189,"column":7},"end":{"line":200,"column":1}}]},"24":{"type":"branch","line":191,"loc":{"start":{"line":191,"column":4},"end":{"line":191,"column":15}},"locations":[{"start":{"line":191,"column":4},"end":{"line":191,"column":15}}]},"25":{"type":"branch","line":192,"loc":{"start":{"line":192,"column":4},"end":{"line":192,"column":15}},"locations":[{"start":{"line":192,"column":4},"end":{"line":192,"column":15}}]},"26":{"type":"branch","line":193,"loc":{"start":{"line":193,"column":4},"end":{"line":193,"column":16}},"locations":[{"start":{"line":193,"column":4},"end":{"line":193,"column":16}}]},"27":{"type":"branch","line":194,"loc":{"start":{"line":194,"column":4},"end":{"line":194,"column":17}},"locations":[{"start":{"line":194,"column":4},"end":{"line":194,"column":17}}]},"28":{"type":"branch","line":195,"loc":{"start":{"line":195,"column":4},"end":{"line":195,"column":20}},"locations":[{"start":{"line":195,"column":4},"end":{"line":195,"column":20}}]},"29":{"type":"branch","line":196,"loc":{"start":{"line":196,"column":4},"end":{"line":197,"column":18}},"locations":[{"start":{"line":196,"column":4},"end":{"line":197,"column":18}}]},"30":{"type":"branch","line":198,"loc":{"start":{"line":198,"column":2},"end":{"line":200,"column":1}},"locations":[{"start":{"line":198,"column":2},"end":{"line":200,"column":1}}]},"31":{"type":"branch","line":202,"loc":{"start":{"line":202,"column":7},"end":{"line":210,"column":1}},"locations":[{"start":{"line":202,"column":7},"end":{"line":210,"column":1}}]},"32":{"type":"branch","line":212,"loc":{"start":{"line":212,"column":7},"end":{"line":215,"column":1}},"locations":[{"start":{"line":212,"column":7},"end":{"line":215,"column":1}}]},"33":{"type":"branch","line":21,"loc":{"start":{"line":21,"column":7},"end":{"line":25,"column":1}},"locations":[{"start":{"line":21,"column":7},"end":{"line":25,"column":1}}]},"34":{"type":"branch","line":31,"loc":{"start":{"line":31,"column":7},"end":{"line":35,"column":1}},"locations":[{"start":{"line":31,"column":7},"end":{"line":35,"column":1}}]},"35":{"type":"branch","line":37,"loc":{"start":{"line":37,"column":28},"end":{"line":45,"column":2}},"locations":[{"start":{"line":37,"column":28},"end":{"line":45,"column":2}}]},"36":{"type":"branch","line":40,"loc":{"start":{"line":40,"column":22},"end":{"line":40,"column":48}},"locations":[{"start":{"line":40,"column":22},"end":{"line":40,"column":48}}]},"37":{"type":"branch","line":41,"loc":{"start":{"line":41,"column":22},"end":{"line":41,"column":47}},"locations":[{"start":{"line":41,"column":22},"end":{"line":41,"column":47}}]},"38":{"type":"branch","line":42,"loc":{"start":{"line":42,"column":21},"end":{"line":42,"column":49}},"locations":[{"start":{"line":42,"column":21},"end":{"line":42,"column":49}}]},"39":{"type":"branch","line":42,"loc":{"start":{"line":42,"column":47},"end":{"line":43,"column":43}},"locations":[{"start":{"line":42,"column":47},"end":{"line":43,"column":43}}]},"40":{"type":"branch","line":43,"loc":{"start":{"line":43,"column":43},"end":{"line":45,"column":2}},"locations":[{"start":{"line":43,"column":43},"end":{"line":45,"column":2}}]},"41":{"type":"branch","line":43,"loc":{"start":{"line":43,"column":43},"end":{"line":43,"column":55}},"locations":[{"start":{"line":43,"column":43},"end":{"line":43,"column":55}}]},"42":{"type":"branch","line":43,"loc":{"start":{"line":43,"column":50},"end":{"line":45,"column":2}},"locations":[{"start":{"line":43,"column":50},"end":{"line":45,"column":2}}]},"43":{"type":"branch","line":47,"loc":{"start":{"line":47,"column":31},"end":{"line":49,"column":2}},"locations":[{"start":{"line":47,"column":31},"end":{"line":49,"column":2}}]},"44":{"type":"branch","line":48,"loc":{"start":{"line":48,"column":23},"end":{"line":48,"column":50}},"locations":[{"start":{"line":48,"column":23},"end":{"line":48,"column":50}}]},"45":{"type":"branch","line":54,"loc":{"start":{"line":54,"column":7},"end":{"line":56,"column":1}},"locations":[{"start":{"line":54,"column":7},"end":{"line":56,"column":1}}]},"46":{"type":"branch","line":55,"loc":{"start":{"line":55,"column":31},"end":{"line":55,"column":59}},"locations":[{"start":{"line":55,"column":31},"end":{"line":55,"column":59}}]},"47":{"type":"branch","line":62,"loc":{"start":{"line":62,"column":7},"end":{"line":64,"column":1}},"locations":[{"start":{"line":62,"column":7},"end":{"line":64,"column":1}}]},"48":{"type":"branch","line":163,"loc":{"start":{"line":163,"column":7},"end":{"line":165,"column":1}},"locations":[{"start":{"line":163,"column":7},"end":{"line":165,"column":1}}]},"49":{"type":"branch","line":217,"loc":{"start":{"line":217,"column":7},"end":{"line":219,"column":1}},"locations":[{"start":{"line":217,"column":7},"end":{"line":219,"column":1}}]},"50":{"type":"branch","line":230,"loc":{"start":{"line":230,"column":7},"end":{"line":255,"column":1}},"locations":[{"start":{"line":230,"column":7},"end":{"line":255,"column":1}}]},"51":{"type":"branch","line":231,"loc":{"start":{"line":231,"column":26},"end":{"line":231,"column":33}},"locations":[{"start":{"line":231,"column":26},"end":{"line":231,"column":33}}]},"52":{"type":"branch","line":232,"loc":{"start":{"line":232,"column":49},"end":{"line":234,"column":3}},"locations":[{"start":{"line":232,"column":49},"end":{"line":234,"column":3}}]},"53":{"type":"branch","line":235,"loc":{"start":{"line":235,"column":27},"end":{"line":244,"column":3}},"locations":[{"start":{"line":235,"column":27},"end":{"line":244,"column":3}}]},"54":{"type":"branch","line":244,"loc":{"start":{"line":244,"column":2},"end":{"line":255,"column":1}},"locations":[{"start":{"line":244,"column":2},"end":{"line":255,"column":1}}]},"55":{"type":"branch","line":244,"loc":{"start":{"line":244,"column":2},"end":{"line":253,"column":3}},"locations":[{"start":{"line":244,"column":2},"end":{"line":253,"column":3}}]},"56":{"type":"branch","line":253,"loc":{"start":{"line":253,"column":2},"end":{"line":255,"column":1}},"locations":[{"start":{"line":253,"column":2},"end":{"line":255,"column":1}}]},"57":{"type":"branch","line":239,"loc":{"start":{"line":239,"column":15},"end":{"line":239,"column":37}},"locations":[{"start":{"line":239,"column":15},"end":{"line":239,"column":37}}]},"58":{"type":"branch","line":240,"loc":{"start":{"line":240,"column":12},"end":{"line":240,"column":27}},"locations":[{"start":{"line":240,"column":12},"end":{"line":240,"column":27}}]},"59":{"type":"branch","line":249,"loc":{"start":{"line":249,"column":18},"end":{"line":249,"column":52}},"locations":[{"start":{"line":249,"column":18},"end":{"line":249,"column":52}}]}},"b":{"0":[16],"1":[0],"2":[36],"3":[22],"4":[45],"5":[22],"6":[23],"7":[22],"8":[22],"9":[8],"10":[22],"11":[8],"12":[0],"13":[0],"14":[25],"15":[23],"16":[22],"17":[22],"18":[28],"19":[28],"20":[27],"21":[25],"22":[22],"23":[14],"24":[1],"25":[2],"26":[3],"27":[4],"28":[5],"29":[6],"30":[8],"31":[1],"32":[6],"33":[5],"34":[9],"35":[10],"36":[0],"37":[0],"38":[9],"39":[1],"40":[5],"41":[0],"42":[1],"43":[10],"44":[9],"45":[10],"46":[9],"47":[17],"48":[27],"49":[1],"50":[10],"51":[0],"52":[0],"53":[9],"54":[5],"55":[1],"56":[0],"57":[13],"58":[4],"59":[2]},"fnMap":{"0":{"name":"compact","decl":{"start":{"line":21,"column":7},"end":{"line":25,"column":1}},"loc":{"start":{"line":21,"column":7},"end":{"line":25,"column":1}},"line":21},"1":{"name":"isNonEmptyString","decl":{"start":{"line":31,"column":7},"end":{"line":35,"column":1}},"loc":{"start":{"line":31,"column":7},"end":{"line":35,"column":1}},"line":31},"2":{"name":"isEmptyValue","decl":{"start":{"line":37,"column":28},"end":{"line":45,"column":2}},"loc":{"start":{"line":37,"column":28},"end":{"line":45,"column":2}},"line":37},"3":{"name":"isNonEmptyArray","decl":{"start":{"line":47,"column":31},"end":{"line":49,"column":2}},"loc":{"start":{"line":47,"column":31},"end":{"line":49,"column":2}},"line":47},"4":{"name":"isStringArray","decl":{"start":{"line":54,"column":7},"end":{"line":56,"column":1}},"loc":{"start":{"line":54,"column":7},"end":{"line":56,"column":1}},"line":54},"5":{"name":"isFinite","decl":{"start":{"line":62,"column":7},"end":{"line":64,"column":1}},"loc":{"start":{"line":62,"column":7},"end":{"line":64,"column":1}},"line":62},"6":{"name":"isValidKey","decl":{"start":{"line":74,"column":7},"end":{"line":80,"column":1}},"loc":{"start":{"line":74,"column":7},"end":{"line":80,"column":1}},"line":74},"7":{"name":"isFormData","decl":{"start":{"line":88,"column":7},"end":{"line":90,"column":1}},"loc":{"start":{"line":88,"column":7},"end":{"line":90,"column":1}},"line":88},"8":{"name":"isReadableStream","decl":{"start":{"line":98,"column":7},"end":{"line":100,"column":1}},"loc":{"start":{"line":98,"column":7},"end":{"line":100,"column":1}},"line":98},"9":{"name":"isArrayBuffer","decl":{"start":{"line":108,"column":7},"end":{"line":110,"column":1}},"loc":{"start":{"line":108,"column":7},"end":{"line":110,"column":1}},"line":108},"10":{"name":"isUint8Array","decl":{"start":{"line":118,"column":7},"end":{"line":120,"column":1}},"loc":{"start":{"line":118,"column":7},"end":{"line":120,"column":1}},"line":118},"11":{"name":"isArrayBufferLike","decl":{"start":{"line":125,"column":7},"end":{"line":131,"column":1}},"loc":{"start":{"line":125,"column":7},"end":{"line":131,"column":1}},"line":125},"12":{"name":"isArrayBufferView","decl":{"start":{"line":136,"column":7},"end":{"line":143,"column":1}},"loc":{"start":{"line":136,"column":7},"end":{"line":143,"column":1}},"line":136},"13":{"name":"isBufferSource","decl":{"start":{"line":148,"column":7},"end":{"line":155,"column":1}},"loc":{"start":{"line":148,"column":7},"end":{"line":155,"column":1}},"line":148},"14":{"name":"isURLSearchParams","decl":{"start":{"line":163,"column":7},"end":{"line":165,"column":1}},"loc":{"start":{"line":163,"column":7},"end":{"line":165,"column":1}},"line":163},"15":{"name":"isBlob","decl":{"start":{"line":173,"column":7},"end":{"line":175,"column":1}},"loc":{"start":{"line":173,"column":7},"end":{"line":175,"column":1}},"line":173},"16":{"name":"isNonRawBodyInit","decl":{"start":{"line":178,"column":7},"end":{"line":187,"column":1}},"loc":{"start":{"line":178,"column":7},"end":{"line":187,"column":1}},"line":178},"17":{"name":"isRawTextBody","decl":{"start":{"line":189,"column":7},"end":{"line":200,"column":1}},"loc":{"start":{"line":189,"column":7},"end":{"line":200,"column":1}},"line":189},"18":{"name":"downloader","decl":{"start":{"line":202,"column":7},"end":{"line":210,"column":1}},"loc":{"start":{"line":202,"column":7},"end":{"line":210,"column":1}},"line":202},"19":{"name":"src2name","decl":{"start":{"line":212,"column":7},"end":{"line":215,"column":1}},"loc":{"start":{"line":212,"column":7},"end":{"line":215,"column":1}},"line":212},"20":{"name":"createMiddleware","decl":{"start":{"line":217,"column":7},"end":{"line":219,"column":1}},"loc":{"start":{"line":217,"column":7},"end":{"line":219,"column":1}},"line":217},"21":{"name":"iSearchParams","decl":{"start":{"line":230,"column":7},"end":{"line":255,"column":1}},"loc":{"start":{"line":230,"column":7},"end":{"line":255,"column":1}},"line":230}},"f":{"0":5,"1":9,"2":10,"3":10,"4":10,"5":17,"6":16,"7":36,"8":22,"9":45,"10":22,"11":23,"12":22,"13":25,"14":27,"15":28,"16":28,"17":14,"18":1,"19":6,"20":1,"21":10}}
}
